Build started 11/10/2016 12:40:47 PM.
     1>Project "C:\CNS\DEV\OpenHaptics\OpenHaptics\OpenHaptics.vcxproj" on node 2 (build target(s)).
     1>InitializeBuildStatus:
         Touching "Release\OpenHaptics.unsuccessfulbuild".
       ClCompile:
         C:\Program Files (x86)\Microsoft Visual Studio 10.0\VC\bin\CL.exe /c /IC:\OpenHaptics\Developer\3.4.0\include /I"C:\OpenHaptics\Developer\3.4.0 \utilities\include" /IC:\OpenHaptics\Developer\3.4.0\QuickHaptics\header /Zi /nologo /W3 /WX- /O2 /Oi /Oy- /GL /D WIN32 /D WIN64 /D _MBCS /Gm- /EHsc /MD /GS /Gy /fp:precise /Zc:wchar_t /Zc:forScope /Fo"Release\\" /Fd"Release\vc100.pdb" /Gd /TP /analyze- /errorReport:prompt main.cpp Weight.cpp
         main.cpp
     1>main.cpp(73): warning C4996: 'scanf': This function or variable may be unsafe. Consider using scanf_s instead. To disable deprecation, use _CRT_SECURE_NO_WARNINGS. See online help for details.
                 C:\Program Files (x86)\Microsoft Visual Studio 10.0\VC\include\stdio.h(304) : see declaration of 'scanf'
     1>main.cpp(97): warning C4996: 'scanf': This function or variable may be unsafe. Consider using scanf_s instead. To disable deprecation, use _CRT_SECURE_NO_WARNINGS. See online help for details.
                 C:\Program Files (x86)\Microsoft Visual Studio 10.0\VC\include\stdio.h(304) : see declaration of 'scanf'
     1>main.cpp(101): warning C4996: 'scanf': This function or variable may be unsafe. Consider using scanf_s instead. To disable deprecation, use _CRT_SECURE_NO_WARNINGS. See online help for details.
                 C:\Program Files (x86)\Microsoft Visual Studio 10.0\VC\include\stdio.h(304) : see declaration of 'scanf'
     1>main.cpp(113): error C2664: 'hdScheduleSynchronous' : cannot convert parameter 1 from 'HDCallbackCode (__stdcall *)(void)' to 'HDSchedulerCallback'
                 None of the functions with this name in scope match the target type
         Weight.cpp
     1>Done Building Project "C:\CNS\DEV\OpenHaptics\OpenHaptics\OpenHaptics.vcxproj" (build target(s)) -- FAILED.

Build FAILED.

Time Elapsed 00:00:01.40
